0 verbose cli [ '/usr/local/bin/node', '/usr/local/bin/npm', 'install' ]
1 info using npm@8.5.0
2 info using node@v17.5.0
3 timing npm:load:whichnode Completed in 0ms
4 timing config:load:defaults Completed in 5ms
5 timing config:load:file:/usr/local/lib/node_modules/npm/npmrc Completed in 2ms
6 timing config:load:builtin Completed in 3ms
7 timing config:load:cli Completed in 4ms
8 timing config:load:env Completed in 0ms
9 timing config:load:project Completed in 3ms
10 timing config:load:file:/home/container/.npmrc Completed in 0ms
11 timing config:load:user Completed in 1ms
12 timing config:load:file:/usr/local/etc/npmrc Completed in 0ms
13 timing config:load:global Completed in 1ms
14 timing config:load:validate Completed in 0ms
15 timing config:load:credentials Completed in 2ms
16 timing config:load:setEnvs Completed in 2ms
17 timing config:load Completed in 23ms
18 timing npm:load:configload Completed in 23ms
19 timing npm:load:setTitle Completed in 1ms
20 timing config:load:flatten Completed in 5ms
21 timing npm:load:display Completed in 9ms
22 verbose logfile /home/container/.npm/_logs/2022-02-16T15_13_26_875Z-debug-0.log
23 timing npm:load:logFile Completed in 8ms
24 timing npm:load:timers Completed in 1ms
25 timing npm:load:configScope Completed in 0ms
26 timing npm:load Completed in 44ms
27 timing arborist:ctor Completed in 1ms
28 silly logfile start cleaning logs, removing 1 files
29 timing idealTree:init Completed in 239ms
30 timing idealTree:userRequests Completed in 0ms
31 silly idealTree buildDeps
32 timing idealTree:#root Completed in 0ms
33 timing idealTree:buildDeps Completed in 2ms
34 timing idealTree:fixDepFlags Completed in 1ms
35 timing idealTree Completed in 250ms
36 timing arborist:ctor Completed in 0ms
37 timing reify:loadTrees Completed in 401ms
38 timing reify:diffTrees Completed in 11ms
39 silly reify moves {}
40 timing reify:retireShallow Completed in 0ms
41 timing reify:createSparse Completed in 0ms
42 timing reify:loadBundles Completed in 0ms
43 silly audit bulk request {
43 silly audit   '@babel/runtime': [ '7.16.7' ],
43 silly audit   '@discordjs/builders': [ '0.11.0' ],
43 silly audit   '@discordjs/collection': [ '0.4.0' ],
43 silly audit   '@discordjs/voice': [ '0.8.0' ],
43 silly audit   '@jimp/bmp': [ '0.16.1' ],
43 silly audit   '@jimp/core': [ '0.16.1' ],
43 silly audit   '@jimp/custom': [ '0.16.1' ],
43 silly audit   '@jimp/gif': [ '0.16.1' ],
43 silly audit   '@jimp/jpeg': [ '0.16.1' ],
43 silly audit   '@jimp/plugin-blit': [ '0.16.1' ],
43 silly audit   '@jimp/plugin-blur': [ '0.16.1' ],
43 silly audit   '@jimp/plugin-circle': [ '0.16.1' ],
43 silly audit   '@jimp/plugin-color': [ '0.16.1' ],
43 silly audit   '@jimp/plugin-contain': [ '0.16.1' ],
43 silly audit   '@jimp/plugin-cover': [ '0.16.1' ],
43 silly audit   '@jimp/plugin-crop': [ '0.16.1' ],
43 silly audit   '@jimp/plugin-displace': [ '0.16.1' ],
43 silly audit   '@jimp/plugin-dither': [ '0.16.1' ],
43 silly audit   '@jimp/plugin-fisheye': [ '0.16.1' ],
43 silly audit   '@jimp/plugin-flip': [ '0.16.1' ],
43 silly audit   '@jimp/plugin-gaussian': [ '0.16.1' ],
43 silly audit   '@jimp/plugin-invert': [ '0.16.1' ],
43 silly audit   '@jimp/plugin-mask': [ '0.16.1' ],
43 silly audit   '@jimp/plugin-normalize': [ '0.16.1' ],
43 silly audit   '@jimp/plugin-print': [ '0.16.1' ],
43 silly audit   '@jimp/plugin-resize': [ '0.16.1' ],
43 silly audit   '@jimp/plugin-rotate': [ '0.16.1' ],
43 silly audit   '@jimp/plugin-scale': [ '0.16.1' ],
43 silly audit   '@jimp/plugin-shadow': [ '0.16.1' ],
43 silly audit   '@jimp/plugin-threshold': [ '0.16.1' ],
43 silly audit   '@jimp/plugins': [ '0.16.1' ],
43 silly audit   '@jimp/png': [ '0.16.1' ],
43 silly audit   '@jimp/tiff': [ '0.16.1' ],
43 silly audit   '@jimp/types': [ '0.16.1' ],
43 silly audit   '@jimp/utils': [ '0.16.1' ],
43 silly audit   '@sapphire/async-queue': [ '1.1.9' ],
43 silly audit   '@sindresorhus/is': [ '4.4.0' ],
43 silly audit   '@types/debug': [ '4.1.7' ],
43 silly audit   '@types/ms': [ '0.7.31' ],
43 silly audit   '@types/node': [ '17.0.13' ],
43 silly audit   '@types/node-fetch': [ '2.5.12' ],
43 silly audit   'form-data': [ '3.0.1', '4.0.0', '2.3.3' ],
43 silly audit   '@types/ws': [ '8.2.2' ],
43 silly audit   ajv: [ '6.12.6' ],
43 silly audit   'ansi-html': [ '0.0.7' ],
43 silly audit   'ansi-styles': [ '3.2.1' ],
43 silly audit   'any-base': [ '1.1.0' ],
43 silly audit   asn1: [ '0.2.6' ],
43 silly audit   'assert-plus': [ '1.0.0' ],
43 silly audit   asynckit: [ '0.4.0' ],
43 silly audit   'aws-sign2': [ '0.7.0' ],
43 silly audit   aws4: [ '1.11.0' ],
43 silly audit   'base64-js': [ '1.5.1' ],
43 silly audit   'bcrypt-pbkdf': [ '1.0.2' ],
43 silly audit   'bmp-js': [ '0.1.0' ],
43 silly audit   buffer: [ '5.7.1' ],
43 silly audit   'buffer-equal': [ '0.0.1' ],
43 silly audit   caseless: [ '0.12.0' ],
43 silly audit   chalk: [ '5.0.0', '2.4.2' ],
43 silly audit   'chalk.js': [ '0.0.5' ],
43 silly audit   'color-convert': [ '1.9.3' ],
43 silly audit   'color-name': [ '1.1.3' ],
43 silly audit   'combined-stream': [ '1.0.8' ],
43 silly audit   'core-util-is': [ '1.0.2' ],
43 silly audit   dashdash: [ '1.14.1' ],
43 silly audit   debug: [ '4.3.3' ],
43 silly audit   'delayed-stream': [ '1.0.0' ],
43 silly audit   denque: [ '2.0.1' ],
43 silly audit   'discord-api-types': [ '0.26.1' ],
43 silly audit   'discord.js': [ '13.6.0' ],
43 silly audit   'dom-walk': [ '0.1.2' ],
43 silly audit   dottie: [ '2.0.2' ],
43 silly audit   'ecc-jsbn': [ '0.1.2' ],
43 silly audit   'escape-string-regexp': [ '1.0.5' ],
43 silly audit   eventemitter3: [ '1.2.0' ],
43 silly audit   'exif-parser': [ '0.1.12' ],
43 silly audit   extend: [ '3.0.2' ],
43 silly audit   extsprintf: [ '1.3.0' ],
43 silly audit   'fast-deep-equal': [ '3.1.3' ],
43 silly audit   'fast-json-stable-stringify': [ '2.1.0' ],
43 silly audit   'file-type': [ '9.0.0' ],
43 silly audit   'forever-agent': [ '0.6.1' ],
43 silly audit   fstorm: [ '0.1.3' ],
43 silly audit   'generate-function': [ '2.3.1' ],
43 silly audit   getpass: [ '0.1.7' ],
43 silly audit   gifwrap: [ '0.9.2' ],
43 silly audit   global: [ '4.4.0' ],
43 silly audit   'har-schema': [ '2.0.0' ],
43 silly audit   'har-validator': [ '5.1.5' ],
43 silly audit   'has-flag': [ '3.0.0' ],
43 silly audit   'http-signature': [ '1.2.0' ],
43 silly audit   'iconv-lite': [ '0.6.3' ],
43 silly audit   ieee754: [ '1.2.1' ],
43 silly audit   'image-q': [ '1.1.1' ],
43 silly audit   inflection: [ '1.13.1' ],
43 silly audit   'is-function': [ '1.0.2' ],
43 silly audit   'is-property': [ '1.0.2' ],
43 silly audit   'is-typedarray': [ '1.0.0' ],
43 silly audit   isstream: [ '0.1.2' ],
43 silly audit   jimp: [ '0.16.1' ],
43 silly audit   'jpeg-js': [ '0.4.2' ],
43 silly audit   jsbn: [ '0.1.1' ],
43 silly audit   'json-schema': [ '0.4.0' ],
43 silly audit   'json-schema-traverse': [ '0.4.1' ],
43 silly audit   'json-stringify-safe': [ '5.0.1' ],
43 silly audit   jsprim: [ '1.4.2' ],
43 silly audit   'load-bmfont': [ '1.4.1' ],
43 silly audit   lodash: [ '4.17.21' ],
43 silly audit   long: [ '4.0.0' ],
43 silly audit   'lru-cache': [ '6.0.0', '4.1.5' ],
43 silly audit   m3u8stream: [ '0.8.6' ],
43 silly audit   mime: [ '1.6.0' ],
43 silly audit   'mime-db': [ '1.51.0' ],
43 silly audit   'mime-types': [ '2.1.34' ],
43 silly audit   'min-document': [ '2.19.0' ],
43 silly audit   miniget: [ '4.2.2' ],
43 silly audit   minimist: [ '1.2.5' ],
43 silly audit   mkdirp: [ '0.5.5' ],
43 silly audit   moment: [ '2.29.1' ],
43 silly audit   'moment-timezone': [ '0.5.34' ],
43 silly audit   ms: [ '2.1.2' ],
43 silly audit   mysql2: [ '2.3.3' ],
43 silly audit   'named-placeholders': [ '1.1.2' ],
43 silly audit   yallist: [ '2.1.2', '4.0.0' ],
43 silly audit   'node-cron': [ '3.0.0' ],
43 silly audit   'node-fetch': [ '2.6.7' ],
43 silly audit   'normalize-date': [ '0.0.4' ],
43 silly audit   'oauth-sign': [ '0.9.0' ],
43 silly audit   omggif: [ '1.0.10' ],
43 silly audit   pako: [ '1.0.11' ],
43 silly audit   'parse-bmfont-ascii': [ '1.0.6' ],
43 silly audit   'parse-bmfont-binary': [ '1.0.6' ],
43 silly audit   'parse-bmfont-xml': [ '1.1.4' ],
43 silly audit   'parse-headers': [ '2.0.4' ],
43 silly audit   'performance-now': [ '2.1.0' ],
43 silly audit   'pg-connection-string': [ '2.5.0' ],
43 silly audit   phin: [ '2.9.3' ],
43 silly audit   pixelmatch: [ '4.0.2' ],
43 silly audit   pngjs: [ '3.4.0' ],
43 silly audit   'prism-media': [ '1.3.2' ],
43 silly audit   process: [ '0.11.10' ],
43 silly audit   pseudomap: [ '1.0.2' ],
43 silly audit   psl: [ '1.8.0' ],
43 silly audit   punycode: [ '2.1.1' ],
43 silly audit   qs: [ '6.5.3' ],
43 silly audit   'regenerator-runtime': [ '0.13.9' ],
43 silly audit   request: [ '2.88.2' ],
43 silly audit   'retry-as-promised': [ '5.0.0' ],
43 silly audit   'safe-buffer': [ '5.2.1' ],
43 silly audit   'safer-buffer': [ '2.1.2' ],
43 silly audit   sax: [ '1.2.4' ],
43 silly audit   semver: [ '7.3.5' ],
43 silly audit   'seq-queue': [ '0.0.5' ],
43 silly audit   sequelize: [ '6.15.0' ],
43 silly audit   'sequelize-pool': [ '7.1.0' ],
43 silly audit   uuid: [ '8.3.2', '3.4.0' ],
43 silly audit   sqlstring: [ '2.3.2' ],
43 silly audit   sshpk: [ '1.17.0' ],
43 silly audit   'supports-color': [ '5.5.0' ],
43 silly audit   timm: [ '1.7.1' ],
43 silly audit   'tiny-typed-emitter': [ '2.1.0' ],
43 silly audit   tinycolor2: [ '1.4.2' ],
43 silly audit   'toposort-class': [ '1.0.1' ],
43 silly audit   'tough-cookie': [ '2.5.0' ],
43 silly audit   tr46: [ '0.0.3' ],
43 silly audit   'ts-mixer': [ '6.0.0' ],
43 silly audit   tslib: [ '2.3.1' ],
43 silly audit   'tunnel-agent': [ '0.6.0' ],
43 silly audit   tweetnacl: [ '0.14.5' ],
43 silly audit   'uri-js': [ '4.4.1' ],
43 silly audit   utif: [ '2.0.1' ],
43 silly audit   'valid-url': [ '1.0.9' ],
43 silly audit   validator: [ '13.7.0' ],
43 silly audit   verror: [ '1.10.0' ],
43 silly audit   'webidl-conversions': [ '3.0.1' ],
43 silly audit   'whatwg-url': [ '5.0.0' ],
43 silly audit   wkx: [ '0.5.0' ],
43 silly audit   ws: [ '8.4.2' ],
43 silly audit   xhr: [ '2.6.0' ],
43 silly audit   'xml-parse-from-string': [ '1.0.1' ],
43 silly audit   xml2js: [ '0.4.23' ],
43 silly audit   xmlbuilder: [ '11.0.1' ],
43 silly audit   xtend: [ '4.0.2' ],
43 silly audit   xterm: [ '3.14.5' ],
43 silly audit   'ytdl-core': [ '4.10.0' ],
43 silly audit   zod: [ '3.11.6' ]
43 silly audit }
44 timing reify:unpack Completed in 6ms
45 timing reify:unretire Completed in 0ms
46 timing build:queue Completed in 0ms
47 timing build:deps Completed in 1ms
48 timing build Completed in 1ms
49 timing reify:build Completed in 1ms
50 timing reify:trash Completed in 0ms
51 timing reify:save Completed in 59ms
52 http fetch POST 200 https://registry.npmjs.org/-/npm/v1/security/advisories/bulk 358ms
53 timing auditReport:getReport Completed in 366ms
54 silly audit report {
54 silly audit report   'ansi-html': [
54 silly audit report     {
54 silly audit report       id: 1005059,
54 silly audit report       url: 'https://github.com/advisories/GHSA-whgm-jr23-g3j9',
54 silly audit report       title: 'Uncontrolled Resource Consumption in ansi-html',
54 silly audit report       severity: 'high',
54 silly audit report       vulnerable_versions: '<=0.0.7'
54 silly audit report     }
54 silly audit report   ]
54 silly audit report }
55 timing metavuln:cache:get:security-advisory:ansi-html:IFCGWTVLwg9iOu9/IXhWceYHAevpTi4/Gk9DVvWrLMmyxuSya9ajblO2OZMXqr4XwghnM7MLwfEJVNEX1/9nDg== Completed in 10ms
56 http fetch GET 200 https://registry.npmjs.org/ansi-html 47ms (cache revalidated)
57 timing metavuln:packument:ansi-html Completed in 49ms
58 timing metavuln:load:security-advisory:ansi-html:1005059 Completed in 0ms
59 timing metavuln:calculate:security-advisory:ansi-html:1005059 Completed in 51ms
60 timing metavuln:cache:get:security-advisory:chalk.js:F6PIAbJZD8lzFhjXjfPy4JEvofDE+VYa3Uv7nhYhd8tHHrjJFU/vL4ZvtVrmHT6jjtsK+8nWY/C1ZYVZwpOK5A== Completed in 4ms
61 http fetch GET 200 https://registry.npmjs.org/chalk.js 493ms (cache revalidated)
62 timing metavuln:packument:chalk.js Completed in 494ms
63 timing metavuln:load:security-advisory:chalk.js:IFCGWTVLwg9iOu9/IXhWceYHAevpTi4/Gk9DVvWrLMmyxuSya9ajblO2OZMXqr4XwghnM7MLwfEJVNEX1/9nDg== Completed in 0ms
64 timing metavuln:calculate:security-advisory:chalk.js:IFCGWTVLwg9iOu9/IXhWceYHAevpTi4/Gk9DVvWrLMmyxuSya9ajblO2OZMXqr4XwghnM7MLwfEJVNEX1/9nDg== Completed in 495ms
65 timing auditReport:init Completed in 551ms
66 timing reify:audit Completed in 919ms
67 timing reify Completed in 1352ms
68 timing command:install Completed in 1369ms
69 verbose exit 0
70 timing npm Completed in 1745ms
71 info ok
